Base path: C:/BuildAgent/work/4287a9a25dd6d7b3/build/WindowsEditor/Data
Pipe name: \\.\pipe\UnityShaderCompiler-1-5304
Cmd: getPlatforms
Cmd: preprocess
  insize=847 outsize=342 ok=1
Cmd: compileSnippet
  api=1 type=0 insize=810 outsize=213 kw= ok=1
Cmd: compileSnippet
  api=1 type=1 insize=810 outsize=59 kw= ok=1
Cmd: preprocess
  insize=1072 outsize=260 ok=1
Cmd: compileSnippet
  api=1 type=0 insize=1118 outsize=190 kw=LIGHTMAP_OFF ok=1
Cmd: compileSnippet
  api=1 type=1 insize=1118 outsize=111 kw=LIGHTMAP_OFF ok=1
Cmd: preprocess
  insize=945 outsize=501 ok=1
Cmd: compileSnippet
  api=1 type=0 insize=749 outsize=132 kw= ok=1
Cmd: compileSnippet
  api=1 type=1 insize=749 outsize=74 kw= ok=1
Cmd: preprocess
  insize=2368 outsize=692 ok=1
Cmd: compileSnippet
  api=1 type=0 insize=1984 outsize=734 kw=LIGHTMAP_OFF ok=1
Cmd: compileSnippet
  api=1 type=1 insize=1984 outsize=675 kw=LIGHTMAP_OFF ok=1
Cmd: preprocess
  insize=1544 outsize=374 ok=1
Cmd: compileSnippet
  api=1 type=0 insize=1413 outsize=342 kw= ok=1
Cmd: compileSnippet
  api=1 type=1 insize=1413 outsize=235 kw= ok=1
Cmd: preprocess
  insize=1433 outsize=550 ok=1
Cmd: compileSnippet
  api=1 type=0 insize=1189 outsize=268 kw= ok=1
Cmd: compileSnippet
  api=1 type=1 insize=1189 outsize=214 kw= ok=1
Cmd: preprocess
  insize=1433 outsize=685 ok=1
Cmd: compileSnippet
  api=1 type=0 insize=1053 outsize=212 kw= ok=1
Cmd: compileSnippet
  api=1 type=1 insize=1053 outsize=114 kw= ok=1
Cmd: preprocess
  insize=4462 outsize=1030 ok=1
Cmd: compileSnippet
  api=1 type=0 insize=2756 outsize=1445 kw= ok=1
Cmd: compileSnippet
  api=1 type=1 insize=2756 outsize=650 kw= ok=1
Cmd: compileSnippet
  api=1 type=0 insize=2408 outsize=1117 kw= ok=1
Cmd: compileSnippet
  api=1 type=1 insize=2408 outsize=277 kw= ok=1
Cmd: preprocess
  insize=1007 outsize=446 ok=1
Cmd: compileSnippet
  api=1 type=0 insize=866 outsize=175 kw= ok=1
Cmd: compileSnippet
  api=1 type=1 insize=866 outsize=81 kw= ok=1
Cmd: preprocess
  insize=3165 outsize=779 ok=1
Cmd: compileSnippet
  api=1 type=0 insize=2001 outsize=863 kw= ok=1
Cmd: compileSnippet
  api=1 type=1 insize=2001 outsize=755 kw= ok=1
Cmd: compileSnippet
  api=1 type=0 insize=1528 outsize=313 kw= ok=1
Cmd: compileSnippet
  api=1 type=1 insize=1528 outsize=311 kw= ok=1
Cmd: preprocess
  insize=3642 outsize=1074 ok=1
Cmd: compileSnippet
  api=1 type=0 insize=2152 outsize=687 kw=LIGHTMAP_OFF ok=1
Cmd: compileSnippet
  api=1 type=1 insize=2152 outsize=625 kw=LIGHTMAP_OFF ok=1
Cmd: compileSnippet
  api=1 type=0 insize=1541 outsize=145 kw=LIGHTMAP_OFF ok=1
Cmd: compileSnippet
  api=1 type=1 insize=1541 outsize=99 kw=LIGHTMAP_OFF ok=1
Cmd: preprocess
  insize=791 outsize=381 ok=1
Cmd: compileSnippet
  api=1 type=0 insize=715 outsize=132 kw= ok=1
Cmd: compileSnippet
  api=1 type=1 insize=715 outsize=59 kw= ok=1
Cmd: preprocess
  insize=1489 outsize=689 ok=1
Cmd: compileSnippet
  api=1 type=0 insize=1106 outsize=225 kw= ok=1
Cmd: compileSnippet
  api=1 type=1 insize=1106 outsize=114 kw= ok=1
Cmd: preprocess
  insize=3745 outsize=589 ok=1
Cmd: compileSnippet
  api=1 type=0 insize=3284 outsize=379 kw= ok=1
Cmd: compileSnippet
  api=1 type=1 insize=3284 outsize=672 kw= ok=1
Cmd: compileSnippet
  api=1 type=0 insize=3295 outsize=379 kw= ok=1
Cmd: compileSnippet
  api=1 type=1 insize=3295 outsize=377 kw= ok=1
Cmd: compileSnippet
  api=1 type=0 insize=3308 outsize=132 kw= ok=1
Cmd: compileSnippet
  api=1 type=1 insize=3308 outsize=185 kw= ok=1
Cmd: preprocess
  insize=1621 outsize=478 ok=1
Cmd: compileSnippet
  api=1 type=0 insize=1445 outsize=478 kw= ok=1
Cmd: compileSnippet
  api=1 type=1 insize=1445 outsize=252 kw= ok=1
Cmd: preprocess
  insize=4282 outsize=954 ok=1
Cmd: compileSnippet
  api=1 type=0 insize=2697 outsize=1445 kw= ok=1
Cmd: compileSnippet
  api=1 type=1 insize=2697 outsize=725 kw= ok=1
Cmd: compileSnippet
  api=1 type=0 insize=2323 outsize=434 kw= ok=1
Cmd: compileSnippet
  api=1 type=1 insize=2323 outsize=312 kw= ok=1
Cmd: preprocess
  insize=969 outsize=479 ok=1
Cmd: compileSnippet
  api=1 type=0 insize=795 outsize=145 kw= ok=1
Cmd: compileSnippet
  api=1 type=1 insize=795 outsize=74 kw= ok=1
Cmd: preprocess
  insize=1006 outsize=447 ok=1
Cmd: compileSnippet
  api=1 type=0 insize=864 outsize=175 kw= ok=1
Cmd: compileSnippet
  api=1 type=1 insize=864 outsize=81 kw= ok=1
Cmd: preprocess
  insize=7324 outsize=1538 ok=1
Cmd: compileSnippet
  api=1 type=0 insize=5385 outsize=132 kw= ok=1
Cmd: compileSnippet
  api=1 type=1 insize=5385 outsize=180 kw= ok=1
Cmd: compileSnippet
  api=1 type=0 insize=5385 outsize=132 kw= ok=1
Cmd: compileSnippet
  api=1 type=1 insize=5385 outsize=497 kw= ok=1
Cmd: compileSnippet
  api=1 type=0 insize=5385 outsize=132 kw= ok=1
Cmd: compileSnippet
  api=1 type=1 insize=5385 outsize=484 kw= ok=1
Cmd: compileSnippet
  api=1 type=0 insize=5384 outsize=231 kw= ok=1
Cmd: compileSnippet
  api=1 type=1 insize=5384 outsize=209 kw= ok=1
Cmd: compileSnippet
  api=1 type=0 insize=5386 outsize=132 kw= ok=1
Cmd: compileSnippet
  api=1 type=1 insize=5386 outsize=263 kw= ok=1
Cmd: compileSnippet
  api=1 type=0 insize=5393 outsize=231 kw= ok=1
Cmd: compileSnippet
  api=1 type=1 insize=5393 outsize=225 kw= ok=1
Cmd: compileSnippet
  api=1 type=0 insize=5383 outsize=227 kw= ok=1
Cmd: compileSnippet
  api=1 type=1 insize=5383 outsize=376 kw= ok=1
Cmd: preprocess
  insize=3646 outsize=731 ok=1
Cmd: compileSnippet
  api=1 type=0 insize=1960 outsize=450 kw=LIGHTMAP_OFF ok=1
Cmd: compileSnippet
  api=1 type=1 insize=1960 outsize=545 kw=LIGHTMAP_OFF ok=1
Cmd: compileSnippet
  api=1 type=0 insize=1972 outsize=450 kw=LIGHTMAP_OFF ok=1
Cmd: compileSnippet
  api=1 type=1 insize=1972 outsize=288 kw=LIGHTMAP_OFF ok=1
Cmd: preprocess
  insize=1176 outsize=382 ok=1
Cmd: compileSnippet
  api=1 type=0 insize=1099 outsize=485 kw= ok=1
Cmd: compileSnippet
  api=1 type=1 insize=1099 outsize=81 kw= ok=1
Cmd: preprocess
  insize=3077 outsize=782 ok=1
Cmd: compileSnippet
  api=1 type=0 insize=1846 outsize=734 kw= ok=1
Cmd: compileSnippet
  api=1 type=1 insize=1846 outsize=756 kw= ok=1
Cmd: compileSnippet
  api=1 type=0 insize=1551 outsize=336 kw=LIGHTMAP_OFF ok=1
Cmd: compileSnippet
  api=1 type=1 insize=1551 outsize=120 kw=LIGHTMAP_OFF ok=1
Cmd: preprocess
  insize=885 outsize=441 ok=1
Cmd: preprocess
  insize=844 outsize=358 ok=1
Cmd: compileSnippet
  api=1 type=0 insize=788 outsize=145 kw= ok=1
Cmd: compileSnippet
  api=1 type=1 insize=788 outsize=99 kw= ok=1
Cmd: preprocess
  insize=996 outsize=437 ok=1
Cmd: preprocess
  insize=4844 outsize=843 ok=1
Cmd: compileSnippet
  api=1 type=0 insize=3981 outsize=329 kw= ok=1
Cmd: compileSnippet
  api=1 type=1 insize=3981 outsize=128 kw= ok=1
Cmd: compileSnippet
  api=1 type=0 insize=3978 outsize=347 kw= ok=1
Cmd: compileSnippet
  api=1 type=1 insize=3978 outsize=264 kw= ok=1
Cmd: compileSnippet
  api=1 type=0 insize=3997 outsize=389 kw= ok=1
Cmd: compileSnippet
  api=1 type=1 insize=3997 outsize=242 kw= ok=1
Cmd: compileSnippet
  api=1 type=0 insize=3999 outsize=389 kw= ok=1
Cmd: compileSnippet
  api=1 type=1 insize=3999 outsize=242 kw= ok=1
Cmd: compileSnippet
  api=1 type=0 insize=3994 outsize=329 kw= ok=1
Cmd: compileSnippet
  api=1 type=1 insize=3994 outsize=279 kw= ok=1
Cmd: compileSnippet
  api=1 type=0 insize=3986 outsize=347 kw= ok=1
Cmd: compileSnippet
  api=1 type=1 insize=3986 outsize=349 kw= ok=1
Cmd: preprocess
  insize=976 outsize=457 ok=1
Cmd: compileSnippet
  api=1 type=0 insize=824 outsize=162 kw= ok=1
Cmd: compileSnippet
  api=1 type=1 insize=824 outsize=81 kw= ok=1
Cmd: preprocess
  insize=3138 outsize=1381 ok=1
Cmd: compileSnippet
  api=1 type=0 insize=1042 outsize=145 kw= ok=1
Cmd: compileSnippet
  api=1 type=1 insize=1042 outsize=172 kw= ok=1
Cmd: compileSnippet
  api=1 type=0 insize=1031 outsize=145 kw= ok=1
Cmd: compileSnippet
  api=1 type=1 insize=1031 outsize=119 kw= ok=1
Cmd: compileSnippet
  api=1 type=0 insize=973 outsize=132 kw= ok=1
Cmd: compileSnippet
  api=1 type=1 insize=973 outsize=104 kw= ok=1
Cmd: compileSnippet
  api=1 type=0 insize=998 outsize=145 kw= ok=1
Cmd: compileSnippet
  api=1 type=1 insize=998 outsize=104 kw= ok=1
Cmd: preprocess
  insize=1042 outsize=433 ok=1
Cmd: compileSnippet
  api=1 type=0 insize=914 outsize=178 kw= ok=1
Cmd: compileSnippet
  api=1 type=1 insize=914 outsize=128 kw= ok=1
Cmd: preprocess
  insize=865 outsize=409 ok=1
Cmd: compileSnippet
  api=1 type=0 insize=761 outsize=145 kw= ok=1
Cmd: compileSnippet
  api=1 type=1 insize=761 outsize=59 kw= ok=1
Cmd: preprocess
  insize=2487 outsize=742 ok=1
Cmd: compileSnippet
  api=1 type=0 insize=2053 outsize=734 kw=LIGHTMAP_OFF ok=1
Cmd: compileSnippet
  api=1 type=1 insize=2053 outsize=660 kw=LIGHTMAP_OFF ok=1
